0 info it worked if it ends with ok
1 verbose cli [ '/usr/local/Cellar/node/5.1.0/bin/node',
1 verbose cli   '/usr/local/bin/npm',
1 verbose cli   'install',
1 verbose cli   '-g',
1 verbose cli   'chart.js',
1 verbose cli   '--save' ]
2 info using npm@3.3.12
3 info using node@v5.1.0
4 silly loadCurrentTree Starting
5 silly install loadCurrentTree
6 silly install readGlobalPackageData
7 silly fetchPackageMetaData chart.js
8 silly fetchNamedPackageData chart.js
9 silly mapToRegistry name chart.js
10 silly mapToRegistry using default registry
11 silly mapToRegistry registry https://registry.npmjs.org/
12 silly mapToRegistry uri https://registry.npmjs.org/chart.js
13 verbose request uri https://registry.npmjs.org/chart.js
14 verbose request no auth needed
15 info attempt registry request try #1 at 8:16:18 PM
16 verbose request id 581780abaa5a1804
17 http request GET https://registry.npmjs.org/chart.js
18 http 200 https://registry.npmjs.org/chart.js
19 verbose headers { server: 'CouchDB/1.5.0 (Erlang OTP/R16B03)',
19 verbose headers   etag: '"5TG1O435HHIZS9L5J61YQ0DU7"',
19 verbose headers   'content-type': 'application/json',
19 verbose headers   'cache-control': 'max-age=300',
19 verbose headers   'content-length': '5138',
19 verbose headers   'accept-ranges': 'bytes',
19 verbose headers   date: 'Thu, 03 Mar 2016 01:16:18 GMT',
19 verbose headers   via: '1.1 varnish',
19 verbose headers   age: '271',
19 verbose headers   connection: 'keep-alive',
19 verbose headers   'x-served-by': 'cache-jfk1039-JFK',
19 verbose headers   'x-cache': 'HIT',
19 verbose headers   'x-cache-hits': '1',
19 verbose headers   'x-timer': 'S1456967778.262468,VS0,VE0',
19 verbose headers   vary: 'Accept' }
20 silly get cb [ 200,
20 silly get   { server: 'CouchDB/1.5.0 (Erlang OTP/R16B03)',
20 silly get     etag: '"5TG1O435HHIZS9L5J61YQ0DU7"',
20 silly get     'content-type': 'application/json',
20 silly get     'cache-control': 'max-age=300',
20 silly get     'content-length': '5138',
20 silly get     'accept-ranges': 'bytes',
20 silly get     date: 'Thu, 03 Mar 2016 01:16:18 GMT',
20 silly get     via: '1.1 varnish',
20 silly get     age: '271',
20 silly get     connection: 'keep-alive',
20 silly get     'x-served-by': 'cache-jfk1039-JFK',
20 silly get     'x-cache': 'HIT',
20 silly get     'x-cache-hits': '1',
20 silly get     'x-timer': 'S1456967778.262468,VS0,VE0',
20 silly get     vary: 'Accept' } ]
21 verbose get saving chart.js to /Users/ptrollins/.npm/registry.npmjs.org/chart.js/.cache.json
22 silly install normalizeTree
23 silly loadCurrentTree Finishing
24 silly loadIdealTree Starting
25 silly install loadIdealTree
26 silly cloneCurrentTree Starting
27 silly install cloneCurrentTreeToIdealTree
28 silly cloneCurrentTree Finishing
29 silly loadShrinkwrap Starting
30 silly install loadShrinkwrap
31 silly loadShrinkwrap Finishing
32 silly loadAllDepsIntoIdealTree Starting
33 silly install loadAllDepsIntoIdealTree
34 silly resolveWithNewModule chart.js@1.0.2 checking installable status
35 silly cache add args [ 'chart.js', null ]
36 verbose cache add spec chart.js
37 silly cache add parsed spec Result {
37 silly cache add   raw: 'chart.js',
37 silly cache add   scope: null,
37 silly cache add   name: 'chart.js',
37 silly cache add   rawSpec: '',
37 silly cache add   spec: '*',
37 silly cache add   type: 'range' }
38 silly addNamed chart.js@*
39 verbose addNamed "*" is a valid semver range for chart.js
40 silly addNameRange { name: 'chart.js', range: '*', hasData: false }
41 silly mapToRegistry name chart.js
42 silly mapToRegistry using default registry
43 silly mapToRegistry registry https://registry.npmjs.org/
44 silly mapToRegistry uri https://registry.npmjs.org/chart.js
45 verbose addNameRange registry:https://registry.npmjs.org/chart.js not in flight; fetching
46 verbose get https://registry.npmjs.org/chart.js not expired, no request
47 silly addNameRange number 2 { name: 'chart.js', range: '*', hasData: true }
48 silly addNameRange versions [ 'chart.js', [ '1.0.1-beta.2', '1.0.1', '1.0.2' ] ]
49 silly addNamed chart.js@1.0.2
50 verbose addNamed "1.0.2" is a plain semver version for chart.js
51 silly mapToRegistry name chart.js
52 silly mapToRegistry using default registry
53 silly mapToRegistry registry https://registry.npmjs.org/
54 silly mapToRegistry uri https://registry.npmjs.org/chart.js
55 verbose addRemoteTarball https://registry.npmjs.org/chart.js/-/chart.js-1.0.2.tgz not in flight; adding
56 verbose addRemoteTarball [ 'https://registry.npmjs.org/chart.js/-/chart.js-1.0.2.tgz',
56 verbose addRemoteTarball   'ad57d2229cfd8ccf5955147e8121b4911e69dfe7' ]
57 info retry fetch attempt 1 at 8:16:18 PM
58 info attempt registry request try #1 at 8:16:18 PM
59 http fetch GET https://registry.npmjs.org/chart.js/-/chart.js-1.0.2.tgz
60 http fetch 200 https://registry.npmjs.org/chart.js/-/chart.js-1.0.2.tgz
61 silly fetchAndShaCheck shasum ad57d2229cfd8ccf5955147e8121b4911e69dfe7
62 verbose addTmpTarball /var/folders/q6/s13mfg8x7c3b0mc75nr3lr1w0000gn/T/npm-54541-6c98e97b/registry.npmjs.org/chart.js/-/chart.js-1.0.2.tgz not in flight; adding
63 verbose addTmpTarball already have metadata; skipping unpack for chart.js@1.0.2
64 silly cache afterAdd chart.js@1.0.2
65 verbose afterAdd /Users/ptrollins/.npm/chart.js/1.0.2/package/package.json not in flight; writing
66 verbose afterAdd /Users/ptrollins/.npm/chart.js/1.0.2/package/package.json written
67 silly loadAllDepsIntoIdealTree Finishing
68 silly idealTree:prePrune lib
68 silly idealTree:prePrune `-- chart.js@1.0.2
69 silly loadIdealTree Finishing
70 silly currentTree lib
71 silly idealTree lib
71 silly idealTree `-- chart.js@1.0.2
72 silly generateActionsToTake Starting
73 silly install generateActionsToTake
74 warn checkPermissions Missing write access to /usr/local/lib/node_modules
75 silly rollbackFailedOptional Starting
76 silly rollbackFailedOptional Finishing
77 silly runTopLevelLifecycles Starting
78 silly runTopLevelLifecycles Finishing
79 silly install printInstalled
80 verbose stack Error: EACCES: permission denied, access '/usr/local/lib/node_modules'
80 verbose stack     at Error (native)
81 verbose cwd /Volumes/SANDISK64GB/fortum
82 error Darwin 15.3.0
83 error argv "/usr/local/Cellar/node/5.1.0/bin/node" "/usr/local/bin/npm" "install" "-g" "chart.js" "--save"
84 error node v5.1.0
85 error npm  v3.3.12
86 error path /usr/local/lib/node_modules
87 error code EACCES
88 error errno -13
89 error syscall access
90 error Error: EACCES: permission denied, access '/usr/local/lib/node_modules'
90 error     at Error (native)
90 error  { [Error: EACCES: permission denied, access '/usr/local/lib/node_modules']
90 error   errno: -13,
90 error   code: 'EACCES',
90 error   syscall: 'access',
90 error   path: '/usr/local/lib/node_modules' }
91 error Please try running this command again as root/Administrator.
92 verbose exit [ -13, true ]
